# JRE version: OpenJDK Runtime Environment Temurin-21.0.11+10 (21.0.11+10) (build 21.0.11+10-LTS)
# Java VM: OpenJDK 64-Bit Server VM Temurin-21.0.11+10 (21.0.11+10-LTS, mixed mode, sharing, tiered, compressed oops, compressed class ptrs, parallel gc, windows-amd64)
GC Precious Log:
 CardTable entry size: 512
 CPUs: 8 total, 8 available
 Memory: 16080M
 Large Page Support: Disabled
 NUMA Support: Disabled
 Compressed Oops: Enabled (32-bit)
 Alignments: Space 512K, Generation 512K, Heap 2M
 Heap Min Capacity: 100M
 Heap Initial Capacity: 100M
 Heap Max Capacity: 2G
 Pre-touch: Disabled
 Parallel Workers: 8
Heap:
 PSYoungGen      total 2560K, used 907K [0x00000000d5580000, 0x00000000d5900000, 0x0000000100000000)
  eden space 1536K, 44% used [0x00000000d5580000,0x00000000d562aca0,0x00000000d5700000)
  from space 1024K, 21% used [0x00000000d5780000,0x00000000d57b8000,0x00000000d5880000)
  to   space 512K, 0% used [0x00000000d5880000,0x00000000d5880000,0x00000000d5900000)
 ParOldGen       total 221184K, used 220996K [0x0000000080000000, 0x000000008d800000, 0x00000000d5580000)
  object space 221184K, 99% used [0x0000000080000000,0x000000008d7d1228,0x000000008d800000)
 Metaspace       used 70101K, committed 71552K, reserved 1114112K
  class space    used 7206K, committed 7808K, reserved 1048576K
GC Heap History (20 events):
Event: 8359.858 GC heap before
{Heap before GC invocations=227 (full 3):
 PSYoungGen      total 3072K, used 3048K [0x00000000d5580000, 0x00000000d5e00000, 0x0000000100000000)
  eden space 1536K, 98% used [0x00000000d5580000,0x00000000d56fa1d8,0x00000000d5700000)
  from space 1536K, 100% used [0x00000000d5780000,0x00000000d5900000,0x00000000d5900000)
  to   space 3584K, 0% used [0x00000000d5a80000,0x00000000d5a80000,0x00000000d5e00000)
 ParOldGen       total 211968K, used 211480K [0x0000000080000000, 0x000000008cf00000, 0x00000000d5580000)
  object space 211968K, 99% used [0x0000000080000000,0x000000008ce86188,0x000000008cf00000)
 Metaspace       used 70085K, committed 71552K, reserved 1114112K
  class space    used 7206K, committed 7808K, reserved 1048576K
}
Event: 8359.863 GC heap after
{Heap after GC invocations=227 (full 3):
 PSYoungGen      total 3584K, used 1475K [0x00000000d5580000, 0x00000000d5c00000, 0x0000000100000000)
  eden space 2048K, 0% used [0x00000000d5580000,0x00000000d5580000,0x00000000d5780000)
  from space 1536K, 96% used [0x00000000d5a80000,0x00000000d5bf0f00,0x00000000d5c00000)
  to   space 2048K, 0% used [0x00000000d5800000,0x00000000d5800000,0x00000000d5a00000)
 ParOldGen       total 212992K, used 212984K [0x0000000080000000, 0x000000008d000000, 0x00000000d5580000)
  object space 212992K, 99% used [0x0000000080000000,0x000000008cffe188,0x000000008d000000)
 Metaspace       used 70085K, committed 71552K, reserved 1114112K
  class space    used 7206K, committed 7808K, reserved 1048576K
}
Event: 8359.884 GC heap before
{Heap before GC invocations=228 (full 3):
 PSYoungGen      total 3584K, used 3232K [0x00000000d5580000, 0x00000000d5c00000, 0x0000000100000000)
  eden space 2048K, 85% used [0x00000000d5580000,0x00000000d5737340,0x00000000d5780000)
  from space 1536K, 96% used [0x00000000d5a80000,0x00000000d5bf0f00,0x00000000d5c00000)
  to   space 2048K, 0% used [0x00000000d5800000,0x00000000d5800000,0x00000000d5a00000)
 ParOldGen       total 212992K, used 212984K [0x0000000080000000, 0x000000008d000000, 0x00000000d5580000)
  object space 212992K, 99% used [0x0000000080000000,0x000000008cffe188,0x000000008d000000)
 Metaspace       used 70087K, committed 71552K, reserved 1114112K
  class space    used 7206K, committed 7808K, reserved 1048576K
}
Event: 8359.889 GC heap after
{Heap after GC invocations=228 (full 3):
 PSYoungGen      total 4608K, used 1438K [0x00000000d5580000, 0x00000000d5c00000, 0x0000000100000000)
  eden space 2560K, 0% used [0x00000000d5580000,0x00000000d5580000,0x00000000d5800000)
  from space 2048K, 70% used [0x00000000d5800000,0x00000000d5967800,0x00000000d5a00000)
  to   space 2048K, 0% used [0x00000000d5a00000,0x00000000d5a00000,0x00000000d5c00000)
 ParOldGen       total 214528K, used 214288K [0x0000000080000000, 0x000000008d180000, 0x00000000d5580000)
  object space 214528K, 99% used [0x0000000080000000,0x000000008d144188,0x000000008d180000)
 Metaspace       used 70087K, committed 71552K, reserved 1114112K
  class space    used 7206K, committed 7808K, reserved 1048576K
}
Event: 8359.943 GC heap before
{Heap before GC invocations=229 (full 3):
 PSYoungGen      total 4608K, used 3998K [0x00000000d5580000, 0x00000000d5c00000, 0x0000000100000000)
  eden space 2560K, 100% used [0x00000000d5580000,0x00000000d5800000,0x00000000d5800000)
  from space 2048K, 70% used [0x00000000d5800000,0x00000000d5967800,0x00000000d5a00000)
  to   space 2048K, 0% used [0x00000000d5a00000,0x00000000d5a00000,0x00000000d5c00000)
 ParOldGen       total 214528K, used 214288K [0x0000000080000000, 0x000000008d180000, 0x00000000d5580000)
  object space 214528K, 99% used [0x0000000080000000,0x000000008d144188,0x000000008d180000)
 Metaspace       used 70087K, committed 71552K, reserved 1114112K
  class space    used 7206K, committed 7808K, reserved 1048576K
}
Event: 8359.947 GC heap after
{Heap after GC invocations=229 (full 3):
 PSYoungGen      total 2560K, used 2037K [0x00000000d5580000, 0x00000000d6000000, 0x0000000100000000)
  eden space 512K, 0% used [0x00000000d5580000,0x00000000d5580000,0x00000000d5600000)
  from space 2048K, 99% used [0x00000000d5a00000,0x00000000d5bfd4f0,0x00000000d5c00000)
  to   space 4096K, 0% used [0x00000000d5600000,0x00000000d5600000,0x00000000d5a00000)
 ParOldGen       total 216064K, used 215759K [0x0000000080000000, 0x000000008d300000, 0x00000000d5580000)
  object space 216064K, 99% used [0x0000000080000000,0x000000008d2b3d88,0x000000008d300000)
 Metaspace       used 70087K, committed 71552K, reserved 1114112K
  class space    used 7206K, committed 7808K, reserved 1048576K
}
Event: 8359.949 GC heap before
{Heap before GC invocations=230 (full 3):
 PSYoungGen      total 2560K, used 2549K [0x00000000d5580000, 0x00000000d6000000, 0x0000000100000000)
  eden space 512K, 100% used [0x00000000d5580000,0x00000000d5600000,0x00000000d5600000)
  from space 2048K, 99% used [0x00000000d5a00000,0x00000000d5bfd4f0,0x00000000d5c00000)
  to   space 4096K, 0% used [0x00000000d5600000,0x00000000d5600000,0x00000000d5a00000)
 ParOldGen       total 216064K, used 215759K [0x0000000080000000, 0x000000008d300000, 0x00000000d5580000)
  object space 216064K, 99% used [0x0000000080000000,0x000000008d2b3d88,0x000000008d300000)
 Metaspace       used 70087K, committed 71552K, reserved 1114112K
  class space    used 7206K, committed 7808K, reserved 1048576K
}
Event: 8359.952 GC heap after
{Heap after GC invocations=230 (full 3):
 PSYoungGen      total 1536K, used 608K [0x00000000d5580000, 0x00000000d5a80000, 0x0000000100000000)
  eden space 512K, 0% used [0x00000000d5580000,0x00000000d5580000,0x00000000d5600000)
  from space 1024K, 59% used [0x00000000d5600000,0x00000000d5698000,0x00000000d5700000)
  to   space 2048K, 0% used [0x00000000d5880000,0x00000000d5880000,0x00000000d5a80000)
 ParOldGen       total 218112K, used 217836K [0x0000000080000000, 0x000000008d500000, 0x00000000d5580000)
  object space 218112K, 99% used [0x0000000080000000,0x000000008d4bb278,0x000000008d500000)
 Metaspace       used 70087K, committed 71552K, reserved 1114112K
  class space    used 7206K, committed 7808K, reserved 1048576K
}
Event: 8359.955 GC heap before
{Heap before GC invocations=231 (full 3):
 PSYoungGen      total 1536K, used 1120K [0x00000000d5580000, 0x00000000d5a80000, 0x0000000100000000)
  eden space 512K, 100% used [0x00000000d5580000,0x00000000d5600000,0x00000000d5600000)
  from space 1024K, 59% used [0x00000000d5600000,0x00000000d5698000,0x00000000d5700000)
  to   space 2048K, 0% used [0x00000000d5880000,0x00000000d5880000,0x00000000d5a80000)
 ParOldGen       total 218112K, used 217836K [0x0000000080000000, 0x000000008d500000, 0x00000000d5580000)
  object space 218112K, 99% used [0x0000000080000000,0x000000008d4bb278,0x000000008d500000)
 Metaspace       used 70087K, committed 71552K, reserved 1114112K
  class space    used 7206K, committed 7808K, reserved 1048576K
}
Event: 8359.958 GC heap after
{Heap after GC invocations=231 (full 3):
 PSYoungGen      total 2048K, used 608K [0x00000000d5580000, 0x00000000d5980000, 0x0000000100000000)
  eden space 1024K, 0% used [0x00000000d5580000,0x00000000d5580000,0x00000000d5680000)
  from space 1024K, 59% used [0x00000000d5880000,0x00000000d5918000,0x00000000d5980000)
  to   space 1024K, 0% used [0x00000000d5780000,0x00000000d5780000,0x00000000d5880000)
 ParOldGen       total 218624K, used 218356K [0x0000000080000000, 0x000000008d580000, 0x00000000d5580000)
  object space 218624K, 99% used [0x0000000080000000,0x000000008d53d278,0x000000008d580000)
 Metaspace       used 70087K, committed 71552K, reserved 1114112K
  class space    used 7206K, committed 7808K, reserved 1048576K
}
Event: 8359.966 GC heap before
{Heap before GC invocations=232 (full 3):
 PSYoungGen      total 2048K, used 1457K [0x00000000d5580000, 0x00000000d5980000, 0x0000000100000000)
  eden space 1024K, 82% used [0x00000000d5580000,0x00000000d56546e0,0x00000000d5680000)
  from space 1024K, 59% used [0x00000000d5880000,0x00000000d5918000,0x00000000d5980000)
  to   space 1024K, 0% used [0x00000000d5780000,0x00000000d5780000,0x00000000d5880000)
 ParOldGen       total 218624K, used 218356K [0x0000000080000000, 0x000000008d580000, 0x00000000d5580000)
  object space 218624K, 99% used [0x0000000080000000,0x000000008d53d278,0x000000008d580000)
 Metaspace       used 70087K, committed 71552K, reserved 1114112K
  class space    used 7206K, committed 7808K, reserved 1048576K
}
Event: 8359.969 GC heap after
{Heap after GC invocations=232 (full 3):
 PSYoungGen      total 2560K, used 708K [0x00000000d5580000, 0x00000000d5900000, 0x0000000100000000)
  eden space 1536K, 0% used [0x00000000d5580000,0x00000000d5580000,0x00000000d5700000)
  from space 1024K, 69% used [0x00000000d5780000,0x00000000d5831000,0x00000000d5880000)
  to   space 512K, 0% used [0x00000000d5880000,0x00000000d5880000,0x00000000d5900000)
 ParOldGen       total 219136K, used 218860K [0x0000000080000000, 0x000000008d600000, 0x00000000d5580000)
  object space 219136K, 99% used [0x0000000080000000,0x000000008d5bb278,0x000000008d600000)
 Metaspace       used 70087K, committed 71552K, reserved 1114112K
  class space    used 7206K, committed 7808K, reserved 1048576K
}
Event: 8360.349 GC heap before
{Heap before GC invocations=233 (full 3):
 PSYoungGen      total 2560K, used 2244K [0x00000000d5580000, 0x00000000d5900000, 0x0000000100000000)
  eden space 1536K, 100% used [0x00000000d5580000,0x00000000d5700000,0x00000000d5700000)
  from space 1024K, 69% used [0x00000000d5780000,0x00000000d5831000,0x00000000d5880000)
  to   space 512K, 0% used [0x00000000d5880000,0x00000000d5880000,0x00000000d5900000)
 ParOldGen       total 219136K, used 218860K [0x0000000080000000, 0x000000008d600000, 0x00000000d5580000)
  object space 219136K, 99% used [0x0000000080000000,0x000000008d5bb278,0x000000008d600000)
 Metaspace       used 70089K, committed 71552K, reserved 1114112K
  class space    used 7206K, committed 7808K, reserved 1048576K
}
Event: 8360.352 GC heap after
{Heap after GC invocations=233 (full 3):
 PSYoungGen      total 2048K, used 484K [0x00000000d5580000, 0x00000000d5a80000, 0x0000000100000000)
  eden space 1536K, 0% used [0x00000000d5580000,0x00000000d5580000,0x00000000d5700000)
  from space 512K, 94% used [0x00000000d5880000,0x00000000d58f9000,0x00000000d5900000)
  to   space 1536K, 0% used [0x00000000d5700000,0x00000000d5700000,0x00000000d5880000)
 ParOldGen       total 219648K, used 219632K [0x0000000080000000, 0x000000008d680000, 0x00000000d5580000)
  object space 219648K, 99% used [0x0000000080000000,0x000000008d67c278,0x000000008d680000)
 Metaspace       used 70089K, committed 71552K, reserved 1114112K
  class space    used 7206K, committed 7808K, reserved 1048576K
}
Event: 8360.366 GC heap before
{Heap before GC invocations=234 (full 3):
 PSYoungGen      total 2048K, used 2020K [0x00000000d5580000, 0x00000000d5a80000, 0x0000000100000000)
  eden space 1536K, 100% used [0x00000000d5580000,0x00000000d5700000,0x00000000d5700000)
  from space 512K, 94% used [0x00000000d5880000,0x00000000d58f9000,0x00000000d5900000)
  to   space 1536K, 0% used [0x00000000d5700000,0x00000000d5700000,0x00000000d5880000)
 ParOldGen       total 219648K, used 219632K [0x0000000080000000, 0x000000008d680000, 0x00000000d5580000)
  object space 219648K, 99% used [0x0000000080000000,0x000000008d67c278,0x000000008d680000)
 Metaspace       used 70090K, committed 71552K, reserved 1114112K
  class space    used 7206K, committed 7808K, reserved 1048576K
}
Event: 8360.369 GC heap after
{Heap after GC invocations=234 (full 3):
 PSYoungGen      total 3072K, used 512K [0x00000000d5580000, 0x00000000d5980000, 0x0000000100000000)
  eden space 1536K, 0% used [0x00000000d5580000,0x00000000d5580000,0x00000000d5700000)
  from space 1536K, 33% used [0x00000000d5700000,0x00000000d5780000,0x00000000d5880000)
  to   space 1024K, 0% used [0x00000000d5880000,0x00000000d5880000,0x00000000d5980000)
 ParOldGen       total 220160K, used 220126K [0x0000000080000000, 0x000000008d700000, 0x00000000d5580000)
  object space 220160K, 99% used [0x0000000080000000,0x000000008d6f7848,0x000000008d700000)
 Metaspace       used 70090K, committed 71552K, reserved 1114112K
  class space    used 7206K, committed 7808K, reserved 1048576K
}
Event: 8360.394 GC heap before
{Heap before GC invocations=235 (full 3):
 PSYoungGen      total 3072K, used 2043K [0x00000000d5580000, 0x00000000d5980000, 0x0000000100000000)
  eden space 1536K, 99% used [0x00000000d5580000,0x00000000d56fed38,0x00000000d5700000)
  from space 1536K, 33% used [0x00000000d5700000,0x00000000d5780000,0x00000000d5880000)
  to   space 1024K, 0% used [0x00000000d5880000,0x00000000d5880000,0x00000000d5980000)
 ParOldGen       total 220160K, used 220126K [0x0000000080000000, 0x000000008d700000, 0x00000000d5580000)
  object space 220160K, 99% used [0x0000000080000000,0x000000008d6f7848,0x000000008d700000)
 Metaspace       used 70090K, committed 71552K, reserved 1114112K
  class space    used 7206K, committed 7808K, reserved 1048576K
}
Event: 8360.396 GC heap after
{Heap after GC invocations=235 (full 3):
 PSYoungGen      total 2560K, used 547K [0x00000000d5580000, 0x00000000d5980000, 0x0000000100000000)
  eden space 1536K, 0% used [0x00000000d5580000,0x00000000d5580000,0x00000000d5700000)
  from space 1024K, 53% used [0x00000000d5880000,0x00000000d5908c90,0x00000000d5980000)
  to   space 1024K, 0% used [0x00000000d5780000,0x00000000d5780000,0x00000000d5880000)
 ParOldGen       total 220672K, used 220552K [0x0000000080000000, 0x000000008d780000, 0x00000000d5580000)
  object space 220672K, 99% used [0x0000000080000000,0x000000008d762038,0x000000008d780000)
 Metaspace       used 70090K, committed 71552K, reserved 1114112K
  class space    used 7206K, committed 7808K, reserved 1048576K
}
Event: 8632.910 GC heap before
{Heap before GC invocations=236 (full 3):
 PSYoungGen      total 2560K, used 2083K [0x00000000d5580000, 0x00000000d5980000, 0x0000000100000000)
  eden space 1536K, 100% used [0x00000000d5580000,0x00000000d5700000,0x00000000d5700000)
  from space 1024K, 53% used [0x00000000d5880000,0x00000000d5908c90,0x00000000d5980000)
  to   space 1024K, 0% used [0x00000000d5780000,0x00000000d5780000,0x00000000d5880000)
 ParOldGen       total 220672K, used 220552K [0x0000000080000000, 0x000000008d780000, 0x00000000d5580000)
  object space 220672K, 99% used [0x0000000080000000,0x000000008d762038,0x000000008d780000)
 Metaspace       used 70100K, committed 71552K, reserved 1114112K
  class space    used 7206K, committed 7808K, reserved 1048576K
}
Event: 8632.917 GC heap after
{Heap after GC invocations=236 (full 3):
 PSYoungGen      total 2560K, used 224K [0x00000000d5580000, 0x00000000d5900000, 0x0000000100000000)
  eden space 1536K, 0% used [0x00000000d5580000,0x00000000d5580000,0x00000000d5700000)
  from space 1024K, 21% used [0x00000000d5780000,0x00000000d57b8000,0x00000000d5880000)
  to   space 512K, 0% used [0x00000000d5880000,0x00000000d5880000,0x00000000d5900000)
 ParOldGen       total 221184K, used 220996K [0x0000000080000000, 0x000000008d800000, 0x00000000d5580000)
  object space 221184K, 99% used [0x0000000080000000,0x000000008d7d1228,0x000000008d800000)
 Metaspace       used 70100K, committed 71552K, reserved 1114112K
  class space    used 7206K, committed 7808K, reserved 1048576K
}

